Unity Editor version:    2021.3.21f1 (1b156197d683)
Branch:                  2021.3/staging
Build type:              Release
Batch mode:              YES
macOS version:           Version 13.3.1 (Build 22E261)
Darwin version:          22.4.0
Architecture:            x86_64
Running under Rosetta:   NO
Available memory:        8192 MB
Using pre-set license
Pro License: YES

COMMAND LINE ARGUMENTS:
/Applications/Unity/Hub/Editor/2021.3.21f1/Unity.app/Contents/MacOS/Unity
-adb2
-batchMode
-noUpm
-name
AssetImportWorker0
-projectPath
/Users/pablo_vasquez/Documents/NYCCT (2020-2024)/SPRING SEMESTER 2023/MTEC 2120/Pablo_Vasquez_MTEC_2120_SPRING_2023_SEMESTER/MTEC_2120_Reaktion_Assignment
-logFile
Logs/AssetImportWorker0.log
-srvPort
64645
Successfully changed project path to: /Users/pablo_vasquez/Documents/NYCCT (2020-2024)/SPRING SEMESTER 2023/MTEC 2120/Pablo_Vasquez_MTEC_2120_SPRING_2023_SEMESTER/MTEC_2120_Reaktion_Assignment
/Users/pablo_vasquez/Documents/NYCCT (2020-2024)/SPRING SEMESTER 2023/MTEC 2120/Pablo_Vasquez_MTEC_2120_SPRING_2023_SEMESTER/MTEC_2120_Reaktion_Assignment
[UnityMemory] Configuration Parameters - Can be set up in boot.config
    "memorysetup-bucket-allocator-granularity=16"
    "memorysetup-bucket-allocator-bucket-count=8"
    "memorysetup-bucket-allocator-block-size=33554432"
    "memorysetup-bucket-allocator-block-count=8"
    "memorysetup-main-allocator-block-size=16777216"
    "memorysetup-thread-allocator-block-size=16777216"
    "memorysetup-gfx-main-allocator-block-size=16777216"
    "memorysetup-gfx-thread-allocator-block-size=16777216"
    "memorysetup-cache-allocator-block-size=4194304"
    "memorysetup-typetree-allocator-block-size=2097152"
    "memorysetup-profiler-bucket-allocator-granularity=16"
    "memorysetup-profiler-bucket-allocator-bucket-count=8"
    "memorysetup-profiler-bucket-allocator-block-size=33554432"
    "memorysetup-profiler-bucket-allocator-block-count=8"
    "memorysetup-profiler-allocator-block-size=16777216"
    "memorysetup-profiler-editor-allocator-block-size=1048576"
    "memorysetup-temp-allocator-size-main=16777216"
    "memorysetup-job-temp-allocator-block-size=2097152"
    "memorysetup-job-temp-allocator-block-size-background=1048576"
    "memorysetup-job-temp-allocator-reduction-small-platforms=262144"
    "memorysetup-temp-allocator-size-background-worker=32768"
    "memorysetup-temp-allocator-size-job-worker=262144"
    "memorysetup-temp-allocator-size-preload-manager=33554432"
    "memorysetup-temp-allocator-size-nav-mesh-worker=65536"
    "memorysetup-temp-allocator-size-audio-worker=65536"
    "memorysetup-temp-allocator-size-cloud-worker=32768"
    "memorysetup-temp-allocator-size-gi-baking-worker=262144"
    "memorysetup-temp-allocator-size-gfx=262144"
Player connection [140704267158336] Host "[IP] 192.168.1.29 [Port] 0 [Flags] 2 [Guid] 3363828466 [EditorId] 3363828466 [Version] 1048832 [Id] OSXEditor(0,Pablos-MacBook-Pro-2.local) [Debug] 1 [PackageName] OSXEditor [ProjectName] Editor" joined multi-casting on [225.0.0.222:54997]...

Player connection [140704267158336] Host "[IP] 192.168.1.29 [Port] 0 [Flags] 2 [Guid] 3363828466 [EditorId] 3363828466 [Version] 1048832 [Id] OSXEditor(0,Pablos-MacBook-Pro-2.local) [Debug] 1 [PackageName] OSXEditor [ProjectName] Editor" joined alternative multi-casting on [225.0.0.222:34997]...

Refreshing native plugins compatible for Editor in 227.16 ms, found 3 plugins.
Preloading 0 native plugins for Editor in 0.00 ms.
Initialize engine version: 2021.3.21f1 (1b156197d683)
[Subsystems] Discovering subsystems at path /Applications/Unity/Hub/Editor/2021.3.21f1/Unity.app/Contents/Resources/UnitySubsystems
[Subsystems] Discovering subsystems at path /Users/pablo_vasquez/Documents/NYCCT (2020-2024)/SPRING SEMESTER 2023/MTEC 2120/Pablo_Vasquez_MTEC_2120_SPRING_2023_SEMESTER/MTEC_2120_Reaktion_Assignment/Assets
GfxDevice: creating device client; threaded=0; jobified=0
Color LCD preferred device: Intel(R) Iris(TM) Plus Graphics 645 (low power)
Metal devices available: 1
0: Intel(R) Iris(TM) Plus Graphics 645 (low power)
Using device Intel(R) Iris(TM) Plus Graphics 645 (low power)
Initializing Metal device caps: Intel(R) Iris(TM) Plus Graphics 645
Initialize mono
Mono path[0] = '/Applications/Unity/Hub/Editor/2021.3.21f1/Unity.app/Contents/Managed'
Mono path[1] = '/Applications/Unity/Hub/Editor/2021.3.21f1/Unity.app/Contents/MonoBleedingEdge/lib/mono/unityjit-macos'
Mono config path = '/Applications/Unity/Hub/Editor/2021.3.21f1/Unity.app/Contents/MonoBleedingEdge/etc'
Using monoOptions --debugger-agent=transport=dt_socket,embedding=1,server=y,suspend=n,address=127.0.0.1:56596
Begin MonoManager ReloadAssembly
Registering precompiled unity dll's ...
Register platform support module: /Applications/Unity/Hub/Editor/2021.3.21f1/Unity.app/Contents/PlaybackEngines/MacStandaloneSupport/UnityEditor.OSXStandalone.Extensions.dll
Registered in 0.002221 seconds.
Native extension for OSXStandalone target not found
Refreshing native plugins compatible for Editor in 190.68 ms, found 3 plugins.
Preloading 0 native plugins for Editor in 0.00 ms.
Mono: successfully reloaded assembly
- Completed reload, in  1.563 seconds
Domain Reload Profiling:
	ReloadAssembly (1564ms)
		BeginReloadAssembly (248ms)
			ExecutionOrderSort (0ms)
			DisableScriptedObjects (0ms)
			BackupInstance (0ms)
			ReleaseScriptingObjects (0ms)
			CreateAndSetChildDomain (1ms)
		EndReloadAssembly (1120ms)
			LoadAssemblies (248ms)
			RebuildTransferFunctionScriptingTraits (0ms)
			SetupTypeCache (239ms)
			ReleaseScriptCaches (0ms)
			RebuildScriptCaches (68ms)
			SetupLoadedEditorAssemblies (713ms)
				LogAssemblyErrors (0ms)
				InitializePlatformSupportModulesInManaged (13ms)
				SetLoadedEditorAssemblies (1ms)
				RefreshPlugins (191ms)
				BeforeProcessingInitializeOnLoad (2ms)
				ProcessInitializeOnLoadAttributes (419ms)
				ProcessInitializeOnLoadMethodAttributes (88ms)
				AfterProcessingInitializeOnLoad (0ms)
				EditorAssembliesLoaded (0ms)
			ExecutionOrderSort2 (0ms)
			AwakeInstancesAfterBackupRestoration (0ms)
Platform modules already initialized, skipping
Registering precompiled user dll's ...
Registered in 0.007389 seconds.
Begin MonoManager ReloadAssembly
Symbol file LoadedFromMemory doesn't match image /Users/pablo_vasquez/Documents/NYCCT (2020-2024)/SPRING SEMESTER 2023/MTEC 2120/Pablo_Vasquez_MTEC_2120_SPRING_2023_SEMESTER/MTEC_2120_Reaktion_Assignment/Library/PackageCache/com.unity.visualscripting@1.8.0/Editor/VisualScripting.Core/Dependencies/YamlDotNet/Unity.VisualScripting.YamlDotNet.dll
Symbol file LoadedFromMemory doesn't match image /Users/pablo_vasquez/Documents/NYCCT (2020-2024)/SPRING SEMESTER 2023/MTEC 2120/Pablo_Vasquez_MTEC_2120_SPRING_2023_SEMESTER/MTEC_2120_Reaktion_Assignment/Library/PackageCache/com.unity.visualscripting@1.8.0/Editor/VisualScripting.Core/Dependencies/DotNetZip/Unity.VisualScripting.IonicZip.dll
Native extension for OSXStandalone target not found
Refreshing native plugins compatible for Editor in 0.99 ms, found 3 plugins.
Preloading 0 native plugins for Editor in 0.00 ms.
Mono: successfully reloaded assembly
- Completed reload, in  1.923 seconds
Domain Reload Profiling:
	ReloadAssembly (1925ms)
		BeginReloadAssembly (193ms)
			ExecutionOrderSort (0ms)
			DisableScriptedObjects (11ms)
			BackupInstance (0ms)
			ReleaseScriptingObjects (0ms)
			CreateAndSetChildDomain (43ms)
		EndReloadAssembly (1536ms)
			LoadAssemblies (177ms)
			RebuildTransferFunctionScriptingTraits (0ms)
			SetupTypeCache (585ms)
			ReleaseScriptCaches (1ms)
			RebuildScriptCaches (94ms)
			SetupLoadedEditorAssemblies (616ms)
				LogAssemblyErrors (0ms)
				InitializePlatformSupportModulesInManaged (7ms)
				SetLoadedEditorAssemblies (1ms)
				RefreshPlugins (1ms)
				BeforeProcessingInitializeOnLoad (155ms)
				ProcessInitializeOnLoadAttributes (406ms)
				ProcessInitializeOnLoadMethodAttributes (42ms)
				AfterProcessingInitializeOnLoad (4ms)
				EditorAssembliesLoaded (0ms)
			ExecutionOrderSort2 (0ms)
			AwakeInstancesAfterBackupRestoration (7ms)
Platform modules already initialized, skipping
========================================================================
Worker process is ready to serve import requests
Launching external process: /Applications/Unity/Hub/Editor/2021.3.21f1/Unity.app/Contents/Tools/UnityShaderCompiler
Launched and connected shader compiler UnityShaderCompiler after 0.16 seconds
Refreshing native plugins compatible for Editor in 0.91 ms, found 3 plugins.
Preloading 0 native plugins for Editor in 0.00 ms.
Unloading 3127 Unused Serialized files (Serialized files now loaded: 0)
Unloading 27 unused Assets / (340.8 KB). Loaded Objects now: 3585.
Memory consumption went from 106.1 MB to 105.7 MB.
Total: 6.189993 ms (FindLiveObjects: 0.365174 ms CreateObjectMapping: 0.373208 ms MarkObjects: 5.241448 ms  DeleteObjects: 0.208843 ms)

AssetImportParameters requested are different than current active one (requested -> active):
  custom:video-decoder-ogg-theora: a1e56fd34408186e4bbccfd4996cb3dc -> 
  custom:container-muxer-webm: aa71ff27fc2769a1b78a27578f13a17b -> 
  custom:container-demuxer-webm: 4f35f7cbe854078d1ac9338744f61a02 -> 
  custom:video-encoder-webm-vp8: eb34c28f22e8b96e1ab97ce403110664 -> 
  custom:framework-osx-AVFoundation: e770b220cccbd017edd2c1fefb359320 -> 
  custom:audio-encoder-webm-vorbis: bf7c407c2cedff20999df2af8eb42d56 -> 
  custom:container-demuxer-ogg: 62fdf1f143b41e24485cea50d1cbac27 -> 
  custom:video-decoder-webm-vp8: 9c59270c3fd7afecdb556c50c9e8de78 -> 
  custom:audio-decoder-ogg-vorbis: bf7c407c2cedff20999df2af8eb42d56 -> 
========================================================================
Received Import Request.
  Time since last request: 344334.309502 seconds.
  path: Assets/Reaktion/ReaktionTest/Assets
  artifactKey: Guid(0e09603f475834997b6a71b3739083b0) Importer(815301076,1909f56bfc062723c751e8b465ee728b)
Start importing Assets/Reaktion/ReaktionTest/Assets using Guid(0e09603f475834997b6a71b3739083b0) Importer(815301076,1909f56bfc062723c751e8b465ee728b)  -> (artifact id: 'be8bccdab0f495abb4ef41cff7f005f0') in 0.012339 seconds 
========================================================================
Received Import Request.
  Time since last request: 0.000743 seconds.
  path: Assets/Reaktion/ReaktionTest/Assets/Particle.prefab
  artifactKey: Guid(bfced4461972b49108f6aafe24bf75f6) Importer(815301076,1909f56bfc062723c751e8b465ee728b)
Start importing Assets/Reaktion/ReaktionTest/Assets/Particle.prefab using Guid(bfced4461972b49108f6aafe24bf75f6) Importer(815301076,1909f56bfc062723c751e8b465ee728b)  -> (artifact id: '4a8f84c23896faf3279260de06195870') in 0.602709 seconds 
========================================================================
Received Import Request.
  Time since last request: 0.000096 seconds.
  path: Assets/Reaktion/ReaktionTest/Assets/B.png
  artifactKey: Guid(8315f37f7cee143119fea32dffb1fbfb) Importer(815301076,1909f56bfc062723c751e8b465ee728b)
Start importing Assets/Reaktion/ReaktionTest/Assets/B.png using Guid(8315f37f7cee143119fea32dffb1fbfb) Importer(815301076,1909f56bfc062723c751e8b465ee728b)  -> (artifact id: 'b337271c1cd2d331c0d44b91003b9bc2') in 0.219837 seconds 
========================================================================
Received Import Request.
  Time since last request: 0.000091 seconds.
  path: Assets/Reaktion/ReaktionTest/Assets/Metal.mat
  artifactKey: Guid(3435738e684114bcab75721c3db6408e) Importer(815301076,1909f56bfc062723c751e8b465ee728b)
Start importing Assets/Reaktion/ReaktionTest/Assets/Metal.mat using Guid(3435738e684114bcab75721c3db6408e) Importer(815301076,1909f56bfc062723c751e8b465ee728b)  -> (artifact id: 'dbb6c7171f7563e4b0ea695d220bb52d') in 0.235077 seconds 
========================================================================
Received Import Request.
  Time since last request: 0.000101 seconds.
  path: Assets/Reaktion/ReaktionTest/Assets/Orbit Cube.prefab
  artifactKey: Guid(b7b110efdf2ff42d69d0722ec6a5f79a) Importer(815301076,1909f56bfc062723c751e8b465ee728b)
Start importing Assets/Reaktion/ReaktionTest/Assets/Orbit Cube.prefab using Guid(b7b110efdf2ff42d69d0722ec6a5f79a) Importer(815301076,1909f56bfc062723c751e8b465ee728b)  -> (artifact id: '4e3c13ccb8615f29b2a693215bad45c3') in 0.025057 seconds 
========================================================================
Received Import Request.
  Time since last request: 0.000086 seconds.
  path: Assets/Reaktion/ReaktionTest/Assets/Sphere.prefab
  artifactKey: Guid(03d8473e3b50e4d0a8a967eefe43d8f1) Importer(815301076,1909f56bfc062723c751e8b465ee728b)
Start importing Assets/Reaktion/ReaktionTest/Assets/Sphere.prefab using Guid(03d8473e3b50e4d0a8a967eefe43d8f1) Importer(815301076,1909f56bfc062723c751e8b465ee728b)  -> (artifact id: '239cddac22ef542a2b1f41f81c7e7910') in 0.018039 seconds 
========================================================================
Received Import Request.
  Time since last request: 8.088727 seconds.
  path: Assets/Reaktion/Reaktion/Reaktor
  artifactKey: Guid(e8d657bae5a434fcb959b69b3b33f3f8) Importer(815301076,1909f56bfc062723c751e8b465ee728b)
Start importing Assets/Reaktion/Reaktion/Reaktor using Guid(e8d657bae5a434fcb959b69b3b33f3f8) Importer(815301076,1909f56bfc062723c751e8b465ee728b)  -> (artifact id: 'bfaeb76d812f78313bc6a0c6be801159') in 0.004877 seconds 
========================================================================
Received Import Request.
  Time since last request: 2.653827 seconds.
  path: Assets/Reaktion/Reaktion/Reaktor/Injector
  artifactKey: Guid(77c818476d873455881c636b3d1fec5e) Importer(815301076,1909f56bfc062723c751e8b465ee728b)
Start importing Assets/Reaktion/Reaktion/Reaktor/Injector using Guid(77c818476d873455881c636b3d1fec5e) Importer(815301076,1909f56bfc062723c751e8b465ee728b)  -> (artifact id: 'a8571f2130251285e249613bb398333d') in 0.002168 seconds 
========================================================================
Received Import Request.
  Time since last request: 7.808042 seconds.
  path: Assets/Reaktion/ReaktionTest/Gears 2.unity
  artifactKey: Guid(548d7722476d142aa89bafab93d93ca7) Importer(815301076,1909f56bfc062723c751e8b465ee728b)
Start importing Assets/Reaktion/ReaktionTest/Gears 2.unity using Guid(548d7722476d142aa89bafab93d93ca7) Importer(815301076,1909f56bfc062723c751e8b465ee728b)  -> (artifact id: '049b2ba989228befa1aac66b7af03475') in 0.008584 seconds 
========================================================================
Received Import Request.
  Time since last request: 163.392048 seconds.
  path: Assets/Reaktion/ReaktionTest/Gears.unity
  artifactKey: Guid(f49b91c19ca2a408abc990820f667d9e) Importer(815301076,1909f56bfc062723c751e8b465ee728b)
Start importing Assets/Reaktion/ReaktionTest/Gears.unity using Guid(f49b91c19ca2a408abc990820f667d9e) Importer(815301076,1909f56bfc062723c751e8b465ee728b)  -> (artifact id: 'aefa9aaa4bbfa7389a987a067566b785') in 0.020772 seconds 
========================================================================
Received Import Request.
  Time since last request: 5.443949 seconds.
  path: Assets/Reaktion/Reaktion/Gear/ParticleSystemGear.cs
  artifactKey: Guid(5e98ecc7d043445439010cbb4b3c9c15) Importer(815301076,1909f56bfc062723c751e8b465ee728b)
Start importing Assets/Reaktion/Reaktion/Gear/ParticleSystemGear.cs using Guid(5e98ecc7d043445439010cbb4b3c9c15) Importer(815301076,1909f56bfc062723c751e8b465ee728b)  -> (artifact id: 'd39eb022e46ebffe5c4d485e9aa02bd0') in 2.000851 seconds 
========================================================================
Received Prepare
Registering precompiled user dll's ...
Registered in 0.005171 seconds.
Begin MonoManager ReloadAssembly
Symbol file LoadedFromMemory doesn't match image /Users/pablo_vasquez/Documents/NYCCT (2020-2024)/SPRING SEMESTER 2023/MTEC 2120/Pablo_Vasquez_MTEC_2120_SPRING_2023_SEMESTER/MTEC_2120_Reaktion_Assignment/Library/PackageCache/com.unity.visualscripting@1.8.0/Editor/VisualScripting.Core/Dependencies/YamlDotNet/Unity.VisualScripting.YamlDotNet.dll
Symbol file LoadedFromMemory doesn't match image /Users/pablo_vasquez/Documents/NYCCT (2020-2024)/SPRING SEMESTER 2023/MTEC 2120/Pablo_Vasquez_MTEC_2120_SPRING_2023_SEMESTER/MTEC_2120_Reaktion_Assignment/Library/PackageCache/com.unity.visualscripting@1.8.0/Editor/VisualScripting.Core/Dependencies/DotNetZip/Unity.VisualScripting.IonicZip.dll
Native extension for OSXStandalone target not found
Refreshing native plugins compatible for Editor in 1.06 ms, found 3 plugins.
Preloading 0 native plugins for Editor in 0.00 ms.
Mono: successfully reloaded assembly
- Completed reload, in  4.853 seconds
Domain Reload Profiling:
	ReloadAssembly (4855ms)
		BeginReloadAssembly (655ms)
			ExecutionOrderSort (0ms)
			DisableScriptedObjects (50ms)
			BackupInstance (0ms)
			ReleaseScriptingObjects (0ms)
			CreateAndSetChildDomain (233ms)
		EndReloadAssembly (3746ms)
			LoadAssemblies (311ms)
			RebuildTransferFunctionScriptingTraits (0ms)
			SetupTypeCache (1688ms)
			ReleaseScriptCaches (3ms)
			RebuildScriptCaches (196ms)
			SetupLoadedEditorAssemblies (1387ms)
				LogAssemblyErrors (0ms)
				InitializePlatformSupportModulesInManaged (19ms)
				SetLoadedEditorAssemblies (3ms)
				RefreshPlugins (1ms)
				BeforeProcessingInitializeOnLoad (259ms)
				ProcessInitializeOnLoadAttributes (1014ms)
				ProcessInitializeOnLoadMethodAttributes (71ms)
				AfterProcessingInitializeOnLoad (15ms)
				EditorAssembliesLoaded (4ms)
			ExecutionOrderSort2 (0ms)
			AwakeInstancesAfterBackupRestoration (10ms)
Platform modules already initialized, skipping
Refreshing native plugins compatible for Editor in 4.46 ms, found 3 plugins.
Preloading 0 native plugins for Editor in 0.00 ms.
Unloading 3122 Unused Serialized files (Serialized files now loaded: 0)
Unloading 20 unused Assets / (64.3 KB). Loaded Objects now: 3634.
Memory consumption went from 124.7 MB to 124.6 MB.
Total: 7.460251 ms (FindLiveObjects: 0.432951 ms CreateObjectMapping: 0.322443 ms MarkObjects: 6.524263 ms  DeleteObjects: 0.179001 ms)

AssetImportParameters requested are different than current active one (requested -> active):
  custom:video-decoder-ogg-theora: a1e56fd34408186e4bbccfd4996cb3dc -> 
  custom:container-muxer-webm: aa71ff27fc2769a1b78a27578f13a17b -> 
  custom:container-demuxer-webm: 4f35f7cbe854078d1ac9338744f61a02 -> 
  custom:video-encoder-webm-vp8: eb34c28f22e8b96e1ab97ce403110664 -> 
  custom:framework-osx-AVFoundation: e770b220cccbd017edd2c1fefb359320 -> 
  custom:audio-encoder-webm-vorbis: bf7c407c2cedff20999df2af8eb42d56 -> 
  custom:container-demuxer-ogg: 62fdf1f143b41e24485cea50d1cbac27 -> 
  custom:video-decoder-webm-vp8: 9c59270c3fd7afecdb556c50c9e8de78 -> 
  custom:audio-decoder-ogg-vorbis: bf7c407c2cedff20999df2af8eb42d56 -> 
